Arguments: 
  /usr/local/bin/node /usr/local/Cellar/yarn/1.13.0/libexec/bin/yarn.js

PATH: 
  /Library/Frameworks/Python.framework/Versions/3.6/bin:/Library/Frameworks/Python.framework/Versions/3.6/bin:/Library/Frameworks/Python.framework/Versions/3.7/bin:/Library/Frameworks/Python.framework/Versions/3.6/bin:/Library/Frameworks/Python.framework/Versions/3.6/bin:/usr/bin:/bin:/usr/sbin:/sbin:/usr/local/bin:/usr/local/share/dotnet:/Library/Frameworks/Mono.framework/Versions/Current/Commands:/Applications/Postgres.app/Contents/Versions/latest/bin:/Users/vipuldani/Library/Android/sdk/tools:/Users/vipuldani/Library/Android/sdk/platform-tools

Yarn version: 
  1.13.0

Node version: 
  10.15.0

Platform: 
  darwin x64

Trace: 
  Error: https://registry.yarnpkg.com/@material-ui/core/-/core-3.9.3.tgz: ESOCKETTIMEDOUT
      at ClientRequest.<anonymous> (/usr/local/Cellar/yarn/1.13.0/libexec/lib/cli.js:130024:19)
      at Object.onceWrapper (events.js:273:13)
      at ClientRequest.emit (events.js:182:13)
      at TLSSocket.emitRequestTimeout (_http_client.js:662:40)
      at Object.onceWrapper (events.js:273:13)
      at TLSSocket.emit (events.js:182:13)
      at TLSSocket.Socket._onTimeout (net.js:453:8)
      at ontimeout (timers.js:436:11)
      at tryOnTimeout (timers.js:300:5)
      at listOnTimeout (timers.js:263:5)

npm manifest: 
  {
    "name": "web-app-client",
    "version": "0.1.0",
    "private": true,
    "dependencies": {
      "@babel/plugin-proposal-class-properties": "^7.3.4",
      "@types/web3": "^1.0.18",
      "axios": "^0.18.0",
      "bootstrap": "^4.3.1",
      "jquery": "^3.3.1",
      "mdbreact": "^4.11.0",
      "node": "^10.15.2",
      "react": "^16.8.3",
      "react-bootstrap": "^1.0.0-beta.5",
      "react-dom": "^16.8.2",
      "react-geocode": "^0.1.2",
      "react-google-autocomplete": "^1.0.18",
      "react-google-maps": "^9.4.5",
      "react-router": "^4.3.1",
      "react-router-dom": "^4.3.1",
      "react-scripts": "^2.1.8",
      "react-toggle-button": "^2.2.0",
      "semantic-ui-css": "^2.4.1",
      "semantic-ui-react": "^0.86.0",
      "sweetalert2": "^8.8.0",
      "universal-cookie": "^3.1.0",
      "unstated": "^2.1.1",
      "yarn": "^1.15.2"
    },
    "scripts": {
      "start": "PORT=3001 react-scripts start",
      "build": "react-scripts build",
      "test": "react-scripts test",
      "eject": "react-scripts eject"
    },
    "eslintConfig": {
      "extends": "react-app"
    },
    "browserslist": [
      ">0.2%",
      "not dead",
      "not ie <= 11",
      "not op_mini all"
    ],
    "devDependencies": {
      "prop-types": "^15.7.2",
      "prop-types-extra": "^1.1.0"
    }
  }

yarn manifest: 
  No manifest

Lockfile: 
  No lockfile
